#
# There is insufficient memory for the Java Runtime Environment to continue.
# Native memory allocation (malloc) failed to allocate 762096 bytes for Chunk::new
# Possible reasons:
#   The system is out of physical RAM or swap space
#   In 32 bit mode, the process size limit was hit
# Possible solutions:
#   Reduce memory load on the system
#   Increase physical memory or swap space
#   Check if swap backing store is full
#   Use 64 bit Java on a 64 bit OS
#   Decrease Java heap size (-Xmx/-Xms)
#   Decrease number of Java threads
#   Decrease Java thread stack sizes (-Xss)
#   Set larger code cache with -XX:ReservedCodeCacheSize=
# This output file may be truncated or incomplete.
#
#  Out of Memory Error (allocation.cpp:390), pid=2424, tid=0x0000000000000ad8
#
# JRE version: OpenJDK Runtime Environment (8.0_152-b01) (build 1.8.0_152-release-915-b01)
# Java VM: OpenJDK 64-Bit Server VM (25.152-b01 mixed mode windows-amd64 compressed oops)
# Failed to write core dump. Minidumps are not enabled by default on client versions of Windows
#

---------------  T H R E A D  ---------------

Current thread (0x00000000167ae800):  JavaThread "C2 CompilerThread0" daemon [_thread_in_native, id=2776, stack(0x0000000017e00000,0x0000000017f00000)]

Stack: [0x0000000017e00000,0x0000000017f00000]
[error occurred during error reporting (printing stack bounds), id 0xc0000005]

Native frames: (J=compiled Java code, j=interpreted, Vv=VM code, C=native code)


Current CompileTask:
C2:   4930 1333   !   4       java.net.URLClassLoader$1::run (63 bytes)


---------------  P R O C E S S  ---------------

Java Threads: ( => current thread )
  0x000000001952b800 JavaThread "File lock request listener" [_thread_in_native, id=8772, stack(0x000000001c1c0000,0x000000001c2c0000)]
  0x000000001950b800 JavaThread "Cache worker for file hash cache (C:\Users\Gentong\.gradle\caches\4.1\fileHashes)" [_thread_blocked, id=7904, stack(0x000000001bec0000,0x000000001bfc0000)]
  0x000000001971d800 JavaThread "Stdin handler" [_thread_blocked, id=7036, stack(0x000000001bdc0000,0x000000001bec0000)]
  0x000000001971c000 JavaThread "Asynchronous log dispatcher for DefaultDaemonConnection: socket connection from /127.0.0.1:56190 to /127.0.0.1:56191" [_thread_blocked, id=8164, stack(0x000000001bcc0000,0x000000001bdc0000)]
  0x0000000019713000 JavaThread "Daemon worker" [_thread_in_vm, id=8040, stack(0x000000001bbc0000,0x000000001bcc0000)]
  0x000000001970f800 JavaThread "Cancel handler" [_thread_blocked, id=8992, stack(0x000000001bac0000,0x000000001bbc0000)]
  0x0000000019f78000 JavaThread "Handler for socket connection from /127.0.0.1:56190 to /127.0.0.1:56191" [_thread_in_native, id=6396, stack(0x000000001b7c0000,0x000000001b8c0000)]
  0x0000000019f77000 JavaThread "Daemon" [_thread_blocked, id=8248, stack(0x000000001b6c0000,0x000000001b7c0000)]
  0x000000001970c000 JavaThread "Daemon periodic checks" [_thread_blocked, id=1040, stack(0x000000001b5c0000,0x000000001b6c0000)]
  0x0000000019686000 JavaThread "Incoming local TCP Connector on port 56190" [_thread_in_native, id=5640, stack(0x000000001b3e0000,0x000000001b4e0000)]
  0x000000001680b000 JavaThread "Service Thread" daemon [_thread_blocked, id=7532, stack(0x0000000018500000,0x0000000018600000)]
  0x0000000016803800 JavaThread "C1 CompilerThread2" daemon [_thread_blocked, id=6576, stack(0x0000000018000000,0x0000000018100000)]
  0x00000000167b0800 JavaThread "C2 CompilerThread1" daemon [_thread_in_native, id=540, stack(0x0000000017f00000,0x0000000018000000)]
=>0x00000000167ae800 JavaThread "C2 CompilerThread0" daemon [_thread_in_native, id=2776, stack(0x0000000017e00000,0x0000000017f00000)]
  0x00000000167ac000 JavaThread "Attach Listener" daemon [_thread_blocked, id=3244, stack(0x0000000017d00000,0x0000000017e00000)]
  0x00000000167ab000 JavaThread "Signal Dispatcher" daemon [_thread_blocked, id=8988, stack(0x0000000017c00000,0x0000000017d00000)]
  0x0000000002e3e000 JavaThread "Finalizer" daemon [_thread_blocked, id=3656, stack(0x0000000017a10000,0x0000000017b10000)]
  0x0000000002e33800 JavaThread "Reference Handler" daemon [_thread_blocked, id=1508, stack(0x0000000017910000,0x0000000017a10000)]
  0x0000000002ade000 JavaThread "main" [_thread_blocked, id=1116, stack(0x0000000002c40000,0x0000000002d40000)]

Other Threads:
  0x0000000016775000 VMThread [stack: 0x0000000017810000,0x0000000017910000] [id=584]
  0x000000001680d000 WatcherThread [stack: 0x0000000018600000,0x0000000018700000] [id=8364]

VM state:not at safepoint (normal execution)

VM Mutex/Monitor currently owned by a thread: None

Heap:
 PSYoungGen      total 18944K, used 4702K [0x00000000e0000000, 0x00000000e2c00000, 0x0000000100000000)
  eden space 16384K, 13% used [0x00000000e0000000,0x00000000e021f828,0x00000000e1000000)
  from space 2560K, 98% used [0x00000000e1000000,0x00000000e1278020,0x00000000e1280000)
  to   space 6144K, 0% used [0x00000000e2600000,0x00000000e2600000,0x00000000e2c00000)
 ParOldGen       total 44032K, used 5954K [0x00000000a0000000, 0x00000000a2b00000, 0x00000000e0000000)
  object space 44032K, 13% used [0x00000000a0000000,0x00000000a05d0bc0,0x00000000a2b00000)
 Metaspace       used 14143K, capacity 14500K, committed 14720K, reserved 1062912K
  class space    used 1970K, capacity 2120K, committed 2176K, reserved 1048576K

Card table byte_map: [0x0000000012200000,0x0000000012510000] byte_map_base: 0x0000000011d00000

Marking Bits: (ParMarkBitMap*) 0x0000000069b03950
 Begin Bits: [0x0000000012b10000, 0x0000000014310000)
 End Bits:   [0x0000000014310000, 0x0000000015b10000)

Polling page: 0x0000000002be0000

CodeCache: size=245760Kb used=4803Kb max_used=4813Kb free=240956Kb
 bounds [0x0000000002e40000, 0x0000000003300000, 0x0000000011e40000]
 total_blobs=1696 nmethods=1331 adapters=279
 compilation: enabled

Compilation events (10 events):
Event: 4.803 Thread 0x00000000167ae800 1330       4       java.lang.String::startsWith (7 bytes)
Event: 4.806 Thread 0x00000000167ae800 nmethod 1330 0x00000000032e1690 code [0x00000000032e17e0, 0x00000000032e1978]
Event: 4.810 Thread 0x0000000016803800 1331       3       java.io.File::getAbsoluteFile (21 bytes)
Event: 4.811 Thread 0x0000000016803800 nmethod 1331 0x00000000032f5990 code [0x00000000032f5b20, 0x00000000032f5ed8]
Event: 4.822 Thread 0x00000000167b0800 1332   !   4       java.net.URLClassLoader::findClass (47 bytes)
Event: 4.824 Thread 0x00000000167ae800 1333   !   4       java.net.URLClassLoader$1::run (63 bytes)
Event: 4.826 Thread 0x00000000167b0800 nmethod 1332 0x00000000032f2610 code [0x00000000032f27a0, 0x00000000032f2998]
Event: 4.869 Thread 0x0000000016803800 1334       3       java.lang.reflect.Field::<init> (44 bytes)
Event: 4.869 Thread 0x0000000016803800 nmethod 1334 0x00000000032f1f10 code [0x00000000032f2080, 0x00000000032f2310]
Event: 4.880 Thread 0x00000000167b0800 1335       4       java.net.URLClassLoader$1::run (5 bytes)

GC Heap History (10 events):
Event: 1.173 GC heap before
{Heap before GC invocations=1 (full 0):
 PSYoungGen      total 18944K, used 16384K [0x00000000e0000000, 0x00000000e1500000, 0x0000000100000000)
  eden space 16384K, 100% used [0x00000000e0000000,0x00000000e1000000,0x00000000e1000000)
  from space 2560K, 0% used [0x00000000e1280000,0x00000000e1280000,0x00000000e1500000)
  to   space 2560K, 0% used [0x00000000e1000000,0x00000000e1000000,0x00000000e1280000)
 ParOldGen       total 44032K, used 0K [0x00000000a0000000, 0x00000000a2b00000, 0x00000000e0000000)
  object space 44032K, 0% used [0x00000000a0000000,0x00000000a0000000,0x00000000a2b00000)
 Metaspace       used 5909K, capacity 6094K, committed 6272K, reserved 1056768K
  class space    used 725K, capacity 779K, committed 896K, reserved 1048576K
Event: 1.184 GC heap after
Heap after GC invocations=1 (full 0):
 PSYoungGen      total 18944K, used 2528K [0x00000000e0000000, 0x00000000e1500000, 0x0000000100000000)
  eden space 16384K, 0% used [0x00000000e0000000,0x00000000e0000000,0x00000000e1000000)
  from space 2560K, 98% used [0x00000000e1000000,0x00000000e1278020,0x00000000e1280000)
  to   space 2560K, 0% used [0x00000000e1280000,0x00000000e1280000,0x00000000e1500000)
 ParOldGen       total 44032K, used 416K [0x00000000a0000000, 0x00000000a2b00000, 0x00000000e0000000)
  object space 44032K, 0% used [0x00000000a0000000,0x00000000a00682a8,0x00000000a2b00000)
 Metaspace       used 5909K, capacity 6094K, committed 6272K, reserved 1056768K
  class space    used 725K, capacity 779K, committed 896K, reserved 1048576K
}
Event: 1.558 GC heap before
{Heap before GC invocations=2 (full 0):
 PSYoungGen      total 18944K, used 18912K [0x00000000e0000000, 0x00000000e1500000, 0x0000000100000000)
  eden space 16384K, 100% used [0x00000000e0000000,0x00000000e1000000,0x00000000e1000000)
  from space 2560K, 98% used [0x00000000e1000000,0x00000000e1278020,0x00000000e1280000)
  to   space 2560K, 0% used [0x00000000e1280000,0x00000000e1280000,0x00000000e1500000)
 ParOldGen       total 44032K, used 416K [0x00000000a0000000, 0x00000000a2b00000, 0x00000000e0000000)
  object space 44032K, 0% used [0x00000000a0000000,0x00000000a00682a8,0x00000000a2b00000)
 Metaspace       used 6592K, capacity 6766K, committed 7040K, reserved 1056768K
  class space    used 799K, capacity 875K, committed 896K, reserved 1048576K
Event: 1.563 GC heap after
Heap after GC invocations=2 (full 0):
 PSYoungGen      total 18944K, used 2232K [0x00000000e0000000, 0x00000000e2500000, 0x0000000100000000)
  eden space 16384K, 0% used [0x00000000e0000000,0x00000000e0000000,0x00000000e1000000)
  from space 2560K, 87% used [0x00000000e1280000,0x00000000e14ae3e0,0x00000000e1500000)
  to   space 2560K, 0% used [0x00000000e1000000,0x00000000e1000000,0x00000000e1280000)
 ParOldGen       total 44032K, used 424K [0x00000000a0000000, 0x00000000a2b00000, 0x00000000e0000000)
  object space 44032K, 0% used [0x00000000a0000000,0x00000000a006a2a8,0x00000000a2b00000)
 Metaspace       used 6592K, capacity 6766K, committed 7040K, reserved 1056768K
  class space    used 799K, capacity 875K, committed 896K, reserved 1048576K
}
Event: 2.215 GC heap before
{Heap before GC invocations=3 (full 0):
 PSYoungGen      total 18944K, used 18616K [0x00000000e0000000, 0x00000000e2500000, 0x0000000100000000)
  eden space 16384K, 100% used [0x00000000e0000000,0x00000000e1000000,0x00000000e1000000)
  from space 2560K, 87% used [0x00000000e1280000,0x00000000e14ae3e0,0x00000000e1500000)
  to   space 2560K, 0% used [0x00000000e1000000,0x00000000e1000000,0x00000000e1280000)
 ParOldGen       total 44032K, used 424K [0x00000000a0000000, 0x00000000a2b00000, 0x00000000e0000000)
  object space 44032K, 0% used [0x00000000a0000000,0x00000000a006a2a8,0x00000000a2b00000)
 Metaspace       used 8593K, capacity 8802K, committed 8960K, reserved 1056768K
  class space    used 1102K, capacity 1229K, committed 1280K, reserved 1048576K
Event: 2.220 GC heap after
Heap after GC invocations=3 (full 0):
 PSYoungGen      total 18944K, used 2544K [0x00000000e0000000, 0x00000000e2500000, 0x0000000100000000)
  eden space 16384K, 0% used [0x00000000e0000000,0x00000000e0000000,0x00000000e1000000)
  from space 2560K, 99% used [0x00000000e1000000,0x00000000e127c010,0x00000000e1280000)
  to   space 2560K, 0% used [0x00000000e2280000,0x00000000e2280000,0x00000000e2500000)
 ParOldGen       total 44032K, used 1392K [0x00000000a0000000, 0x00000000a2b00000, 0x00000000e0000000)
  object space 44032K, 3% used [0x00000000a0000000,0x00000000a015c1d0,0x00000000a2b00000)
 Metaspace       used 8593K, capacity 8802K, committed 8960K, reserved 1056768K
  class space    used 1102K, capacity 1229K, committed 1280K, reserved 1048576K
}
Event: 4.517 GC heap before
{Heap before GC invocations=4 (full 0):
 PSYoungGen      total 18944K, used 18928K [0x00000000e0000000, 0x00000000e2500000, 0x0000000100000000)
  eden space 16384K, 100% used [0x00000000e0000000,0x00000000e1000000,0x00000000e1000000)
  from space 2560K, 99% used [0x00000000e1000000,0x00000000e127c010,0x00000000e1280000)
  to   space 2560K, 0% used [0x00000000e2280000,0x00000000e2280000,0x00000000e2500000)
 ParOldGen       total 44032K, used 1392K [0x00000000a0000000, 0x00000000a2b00000, 0x00000000e0000000)
  object space 44032K, 3% used [0x00000000a0000000,0x00000000a015c1d0,0x00000000a2b00000)
 Metaspace       used 12391K, capacity 12768K, committed 12928K, reserved 1060864K
  class space    used 1666K, capacity 1798K, committed 1920K, reserved 1048576K
Event: 4.529 GC heap after
Heap after GC invocations=4 (full 0):
 PSYoungGen      total 18944K, used 2528K [0x00000000e0000000, 0x00000000e2500000, 0x0000000100000000)
  eden space 16384K, 0% used [0x00000000e0000000,0x00000000e0000000,0x00000000e1000000)
  from space 2560K, 98% used [0x00000000e2280000,0x00000000e24f8020,0x00000000e2500000)
  to   space 2560K, 0% used [0x00000000e1000000,0x00000000e1000000,0x00000000e1280000)
 ParOldGen       total 44032K, used 4050K [0x00000000a0000000, 0x00000000a2b00000, 0x00000000e0000000)
  object space 44032K, 9% used [0x00000000a0000000,0x00000000a03f4880,0x00000000a2b00000)
 Metaspace       used 12391K, capacity 12768K, committed 12928K, reserved 1060864K
  class space    used 1666K, capacity 1798K, committed 1920K, reserved 1048576K
}
Event: 4.833 GC heap before
{Heap before GC invocations=5 (full 0):
 PSYoungGen      total 18944K, used 18912K [0x00000000e0000000, 0x00000000e2500000, 0x0000000100000000)
  eden space 16384K, 100% used [0x00000000e0000000,0x00000000e1000000,0x00000000e1000000)
  from space 2560K, 98% used [0x00000000e2280000,0x00000000e24f8020,0x00000000e2500000)
  to   space 2560K, 0% used [0x00000000e1000000,0x00000000e1000000,0x00000000e1280000)
 ParOldGen       total 44032K, used 4050K [0x00000000a0000000, 0x00000000a2b00000, 0x00000000e0000000)
  object space 44032K, 9% used [0x00000000a0000000,0x00000000a03f4880,0x00000000a2b00000)
 Metaspace       used 13844K, capacity 14244K, committed 14464K, reserved 1060864K
  class space    used 1920K, capacity 2056K, committed 2176K, reserved 1048576K
Event: 4.841 GC heap after
Heap after GC invocations=5 (full 0):
 PSYoungGen      total 18944K, used 2528K [0x00000000e0000000, 0x00000000e2c00000, 0x0000000100000000)
  eden space 16384K, 0% used [0x00000000e0000000,0x00000000e0000000,0x00000000e1000000)
  from space 2560K, 98% used [0x00000000e1000000,0x00000000e1278020,0x00000000e1280000)
  to   space 6144K, 0% used [0x00000000e2600000,0x00000000e2600000,0x00000000e2c00000)
 ParOldGen       total 44032K, used 5954K [0x00000000a0000000, 0x00000000a2b00000, 0x00000000e0000000)
  object space 44032K, 13% used [0x00000000a0000000,0x00000000a05d0bc0,0x00000000a2b00000)
 Metaspace       used 13844K, capacity 14244K, committed 14464K, reserved 1060864K
  class space    used 1920K, capacity 2056K, committed 2176K, reserved 1048576K
}

Deoptimization events (10 events):
Event: 1.979 Thread 0x0000000002ade000 Uncommon trap: reason=class_check action=maybe_recompile pc=0x00000000030c1474 method=java.util.HashMap.putVal(ILjava/lang/Object;Ljava/lang/Object;ZZ)Ljava/lang/Object; @ 91
Event: 1.982 Thread 0x0000000002ade000 Uncommon trap: reason=unstable_if action=reinterpret pc=0x00000000030a62f4 method=java.util.HashMap.getNode(ILjava/lang/Object;)Ljava/util/HashMap$Node; @ 62
Event: 2.278 Thread 0x0000000002ade000 Uncommon trap: reason=bimorphic action=maybe_recompile pc=0x0000000003165570 method=java.util.HashMap.putVal(ILjava/lang/Object;Ljava/lang/Object;ZZ)Ljava/lang/Object; @ 203
Event: 2.669 Thread 0x0000000002ade000 Uncommon trap: reason=unstable_if action=reinterpret pc=0x00000000031597dc method=java.io.WinNTFileSystem.normalize(Ljava/lang/String;)Ljava/lang/String; @ 128
Event: 2.669 Thread 0x0000000002ade000 Uncommon trap: reason=unstable_if action=reinterpret pc=0x000000000313a6a0 method=java.io.WinNTFileSystem.normalize(Ljava/lang/String;II)Ljava/lang/String; @ 90
Event: 4.381 Thread 0x0000000019713000 Uncommon trap: reason=bimorphic action=maybe_recompile pc=0x00000000031646a8 method=java.util.HashMap.putVal(ILjava/lang/Object;Ljava/lang/Object;ZZ)Ljava/lang/Object; @ 253
Event: 4.383 Thread 0x0000000019713000 Uncommon trap: reason=bimorphic action=maybe_recompile pc=0x00000000031646a8 method=java.util.HashMap.putVal(ILjava/lang/Object;Ljava/lang/Object;ZZ)Ljava/lang/Object; @ 253
Event: 4.383 Thread 0x0000000019713000 Uncommon trap: reason=bimorphic action=maybe_recompile pc=0x00000000031646a8 method=java.util.HashMap.putVal(ILjava/lang/Object;Ljava/lang/Object;ZZ)Ljava/lang/Object; @ 253
Event: 4.803 Thread 0x0000000019713000 Uncommon trap: reason=class_check action=maybe_recompile pc=0x00000000030a3edc method=java.util.regex.Matcher.match(II)Z @ 86
Event: 4.804 Thread 0x0000000019713000 Uncommon trap: reason=class_check action=maybe_recompile pc=0x00000000030a3edc method=java.util.regex.Matcher.match(II)Z @ 86

Classes redefined (0 events):
No events

Internal exceptions (10 events):
Event: 3.989 Thread 0x0000000019f78000 Exception <a 'java/lang/NoSuchMethodError': <clinit>> (0x00000000e0966978) thrown at [D:\src\AOSP-openjdk-cygwin\jdk8u\hotspot\src\share\vm\prims\jni.cpp, line 1613]
Event: 4.030 Thread 0x0000000019f78000 Exception <a 'java/lang/NoSuchMethodError': <clinit>> (0x00000000e0987818) thrown at [D:\src\AOSP-openjdk-cygwin\jdk8u\hotspot\src\share\vm\prims\jni.cpp, line 1613]
Event: 4.034 Thread 0x0000000019f78000 Exception <a 'java/lang/NoSuchMethodError': <clinit>> (0x00000000e099f2e8) thrown at [D:\src\AOSP-openjdk-cygwin\jdk8u\hotspot\src\share\vm\prims\jni.cpp, line 1613]
Event: 4.035 Thread 0x0000000019f78000 Exception <a 'java/lang/NoSuchMethodError': <clinit>> (0x00000000e09a7e38) thrown at [D:\src\AOSP-openjdk-cygwin\jdk8u\hotspot\src\share\vm\prims\jni.cpp, line 1613]
Event: 4.039 Thread 0x0000000019f78000 Exception <a 'java/lang/NoSuchMethodError': <clinit>> (0x00000000e09b9480) thrown at [D:\src\AOSP-openjdk-cygwin\jdk8u\hotspot\src\share\vm\prims\jni.cpp, line 1613]
Event: 4.119 Thread 0x0000000019f78000 Exception <a 'java/lang/NoSuchMethodError': <clinit>> (0x00000000e0a382e8) thrown at [D:\src\AOSP-openjdk-cygwin\jdk8u\hotspot\src\share\vm\prims\jni.cpp, line 1613]
Event: 4.136 Thread 0x0000000019f78000 Exception <a 'java/lang/NoSuchMethodError': <clinit>> (0x00000000e0a52b28) thrown at [D:\src\AOSP-openjdk-cygwin\jdk8u\hotspot\src\share\vm\prims\jni.cpp, line 1613]
Event: 4.173 Thread 0x0000000019f78000 Exception <a 'java/lang/NoSuchMethodError': <clinit>> (0x00000000e0a77640) thrown at [D:\src\AOSP-openjdk-cygwin\jdk8u\hotspot\src\share\vm\prims\jni.cpp, line 1613]
Event: 4.359 Thread 0x0000000019713000 Exception <a 'java/lang/NoSuchMethodError': <clinit>> (0x00000000e0b22658) thrown at [D:\src\AOSP-openjdk-cygwin\jdk8u\hotspot\src\share\vm\prims\jni.cpp, line 1613]
Event: 4.360 Thread 0x0000000019713000 Exception <a 'java/lang/NoSuchMethodError': <clinit>> (0x00000000e0b2a8e0) thrown at [D:\src\AOSP-openjdk-cygwin\jdk8u\hotspot\src\share\vm\prims\jni.cpp, line 1613]

Events (10 events):
Event: 4.923 loading class org/gradle/caching/internal/BuildCacheHasher
Event: 4.923 loading class org/gradle/caching/internal/BuildCacheHasher done
Event: 4.924 loading class org/gradle/api/internal/changedetection/state/CachingResourceHasher
Event: 4.924 loading class org/gradle/api/internal/changedetection/state/CachingResourceHasher done
Event: 4.924 loading class org/gradle/api/internal/changedetection/state/ResourceHasher
Event: 4.924 loading class org/gradle/api/internal/changedetection/state/ResourceHasher done
Event: 4.926 loading class org/gradle/api/internal/changedetection/state/ConfigurableNormalizer
Event: 4.926 loading class org/gradle/api/internal/changedetection/state/ConfigurableNormalizer done
Event: 4.927 loading class org/gradle/api/internal/changedetection/state/RegularFileHasher
Event: 4.927 loading class org/gradle/api/internal/changedetection/state/RegularFileHasher done


Dynamic libraries:
0x00007ff653750000 - 0x00007ff653781000 	C:\Program Files\Android\Android Studio\jre\bin\java.exe
0x00007ffc435f0000 - 0x00007ffc437b2000 	C:\Windows\SYSTEM32\ntdll.dll
0x00007ffc41d60000 - 0x00007ffc41e0d000 	C:\Windows\system32\KERNEL32.DLL
0x00007ffc404a0000 - 0x00007ffc4067d000 	C:\Windows\system32\KERNELBASE.dll
0x00007ffc41cb0000 - 0x00007ffc41d56000 	C:\Windows\system32\ADVAPI32.dll
0x00007ffc43550000 - 0x00007ffc435ed000 	C:\Windows\system32\msvcrt.dll
0x00007ffc417b0000 - 0x00007ffc4180b000 	C:\Windows\system32\sechost.dll
0x00007ffc41680000 - 0x00007ffc417a6000 	C:\Windows\system32\RPCRT4.dll
0x00007ffc41b60000 - 0x00007ffc41cae000 	C:\Windows\system32\USER32.dll
0x00007ffc40d10000 - 0x00007ffc40e93000 	C:\Windows\system32\GDI32.dll
0x00007ffc3ad30000 - 0x00007ffc3afa4000 	C:\Windows\WinSxS\amd64_microsoft.windows.common-controls_6595b64144ccf1df_6.0.10240.17184_none_f41d7a705752bce6\COMCTL32.dll
0x00007ffc41320000 - 0x00007ffc41356000 	C:\Windows\system32\IMM32.DLL
0x00007ffc41360000 - 0x00007ffc414bc000 	C:\Windows\system32\MSCTF.dll
0x000000006a4d0000 - 0x000000006a5a2000 	C:\Program Files\Android\Android Studio\jre\jre\bin\msvcr100.dll
0x0000000069340000 - 0x0000000069b7e000 	C:\Program Files\Android\Android Studio\jre\jre\bin\server\jvm.dll
0x00007ffc41670000 - 0x00007ffc41678000 	C:\Windows\system32\PSAPI.DLL
0x00007ffc3e480000 - 0x00007ffc3e4a3000 	C:\Windows\SYSTEM32\WINMM.dll
0x00007ffc35150000 - 0x00007ffc35159000 	C:\Windows\SYSTEM32\WSOCK32.dll
0x00007ffc41600000 - 0x00007ffc41669000 	C:\Windows\system32\WS2_32.dll
0x00007ffc40ea0000 - 0x00007ffc40ea8000 	C:\Windows\system32\NSI.dll
0x00007ffc3e450000 - 0x00007ffc3e47c000 	C:\Windows\SYSTEM32\WINMMBASE.dll
0x00007ffc400b0000 - 0x00007ffc400f4000 	C:\Windows\system32\cfgmgr32.dll
0x00007ffc3b7d0000 - 0x00007ffc3b7da000 	C:\Windows\SYSTEM32\VERSION.dll
0x00007ffc3e990000 - 0x00007ffc3e9b7000 	C:\Windows\SYSTEM32\DEVOBJ.dll
0x00007ffc36000000 - 0x00007ffc3600f000 	C:\Program Files\Android\Android Studio\jre\jre\bin\verify.dll
0x00007ffc33980000 - 0x00007ffc339a9000 	C:\Program Files\Android\Android Studio\jre\jre\bin\java.dll
0x00007ffc31930000 - 0x00007ffc31946000 	C:\Program Files\Android\Android Studio\jre\jre\bin\zip.dll
0x00007ffc41e70000 - 0x00007ffc43393000 	C:\Windows\system32\SHELL32.dll
0x00007ffc40680000 - 0x00007ffc40ca9000 	C:\Windows\system32\windows.storage.dll
0x00007ffc41810000 - 0x00007ffc41a8c000 	C:\Windows\system32\combase.dll
0x00007ffc40cb0000 - 0x00007ffc40d01000 	C:\Windows\system32\shlwapi.dll
0x00007ffc40030000 - 0x00007ffc4003f000 	C:\Windows\system32\kernel.appcore.dll
0x00007ffc403e0000 - 0x00007ffc40493000 	C:\Windows\system32\shcore.dll
0x00007ffc40060000 - 0x00007ffc400aa000 	C:\Windows\system32\powrprof.dll
0x00007ffc40040000 - 0x00007ffc40053000 	C:\Windows\system32\profapi.dll
0x00007ffc30380000 - 0x00007ffc3039a000 	C:\Program Files\Android\Android Studio\jre\jre\bin\net.dll
0x00007ffc3f880000 - 0x00007ffc3f8dd000 	C:\Windows\system32\mswsock.dll
0x00007ffc30360000 - 0x00007ffc30371000 	C:\Program Files\Android\Android Studio\jre\jre\bin\nio.dll
0x00007ffc2e6c0000 - 0x00007ffc2e6de000 	C:\Users\Gentong\.gradle\native\25\windows-amd64\native-platform.dll
0x00007ffc35fd0000 - 0x00007ffc35fdd000 	C:\Program Files\Android\Android Studio\jre\jre\bin\management.dll
0x00007ffc3f8e0000 - 0x00007ffc3f8f7000 	C:\Windows\SYSTEM32\CRYPTSP.dll
0x00007ffc3ff40000 - 0x00007ffc3ff68000 	C:\Windows\SYSTEM32\bcrypt.dll
0x00007ffc3f530000 - 0x00007ffc3f563000 	C:\Windows\system32\rsaenh.dll
0x00007ffc3f620000 - 0x00007ffc3f63f000 	C:\Windows\SYSTEM32\USERENV.dll
0x00007ffc3fe30000 - 0x00007ffc3fe9b000 	C:\Windows\system32\bcryptprimitives.dll
0x00007ffc3fa30000 - 0x00007ffc3fa3b000 	C:\Windows\SYSTEM32\CRYPTBASE.dll
0x00007ffc3c990000 - 0x00007ffc3c9c8000 	C:\Windows\SYSTEM32\IPHLPAPI.DLL
0x00007ffc3c980000 - 0x00007ffc3c98b000 	C:\Windows\SYSTEM32\WINNSI.DLL
0x00007ffc3a0c0000 - 0x00007ffc3a0d6000 	C:\Windows\SYSTEM32\dhcpcsvc6.DLL
0x00007ffc3a0a0000 - 0x00007ffc3a0ba000 	C:\Windows\SYSTEM32\dhcpcsvc.DLL

VM Arguments:
jvm_args: -Xmx1536m -Dfile.encoding=windows-1252 -Duser.country=US -Duser.language=en -Duser.variant 
java_command: org.gradle.launcher.daemon.bootstrap.GradleDaemon 4.1
java_class_path (initial): C:\Users\Gentong\.gradle\wrapper\dists\gradle-4.1-all\bzyivzo6n839fup2jbap0tjew\gradle-4.1\lib\gradle-launcher-4.1.jar
Launcher Type: SUN_STANDARD

Environment Variables:
PATH=C:\ProgramData\Oracle\Java\javapath;C:\Windows\system32;C:\Windows;C:\Windows\System32\Wbem;C:\Windows\System32\WindowsPowerShell\v1.0\;C:\Users\Gentong\.dnx\bin;C:\Program Files\Microsoft DNX\Dnvm\;C:\Program Files (x86)\Windows Kits\8.1\Windows Performance Toolkit\;C:\Program Files\Microsoft SQL Server\120\Tools\Binn\;C:\Program Files\Microsoft SQL Server\Client SDK\ODBC\130\Tools\Binn\;C:\Program Files (x86)\Microsoft SQL Server\130\Tools\Binn\;C:\Program Files\Microsoft SQL Server\130\Tools\Binn\;C:\Program Files\Microsoft SQL Server\130\DTS\Binn\;C:\xampp\php;C:\composer;C:\Users\Gentong\AppData\Roaming\Composer\vendor\bin;C:\adb;C:\Program Files (x86)\HP\IdrsOCR_15.2.10.1114\;C:\Program Files\Git\cmd;C:\ProgramData\Oracle\Java\javapath;C:\Windows\system32;C:\Windows;C:\Windows\System32\Wbem;C:\Windows\System32\WindowsPowerShell\v1.0\;C:\Users\Gentong\.dnx\bin;C:\Program Files\Microsoft DNX\Dnvm\;C:\Program Files (x86)\Windows Kits\8.1\Windows Performance Toolkit\;C:\Program Files\Microsoft SQL Server\120\Tools\Binn\;C:\Program Files\Microsoft SQL Server\Client SDK\ODBC\130\Tools\Binn\;C:\Program Files (x86)\Microsoft SQL Server\130\Tools\Binn\;C:\Program Files\Microsoft SQL Server\130\Tools\Binn\;C:\Program Files\Microsoft SQL Server\130\DTS\Binn\;C:\xampp\php;C:\composer;C:\Users\Gentong\AppData\Roaming\Composer\vendor\bin;C:\adb;C:\Program Files (x86)\HP\IdrsOCR_15.2.10.1114\;C:\Program Files\Git\cmd;C:\Program Files (x86)\Microsoft SQL Server\Client SDK\ODBC\130\Tools\Binn\;C:\Program Files (x86)\Microsoft SQL Server\140\Tools\Binn\;C:\Program Files (x86)\Microsoft SQL Server\140\DTS\Binn\;C:\Program Files (x86)\Microsoft SQL Server\140\Tools\Binn\ManagementStudio\;C:\Program Files\Microsoft VS Code\bi
USERNAME=Gentong
OS=Windows_NT
PROCESSOR_IDENTIFIER=Intel64 Family 6 Model 58 Stepping 9, GenuineIntel



---------------  S Y S T E M  ---------------

OS: Windows 10.0 , 64 bit Build 10240 (10.0.10240.17113)

CPU:total 4 (initial active 4) (2 cores per cpu, 2 threads per core) family 6 model 58 stepping 9, cmov, cx8, fxsr, mmx, sse, sse2, sse3, ssse3, sse4.1, sse4.2, popcnt, avx, aes, clmul, erms, ht, tsc, tscinvbit, tscinv

Memory: 4k page, physical 4077144k(213752k free), swap 5503576k(4860k free)

vm_info: OpenJDK 64-Bit Server VM (25.152-b01) for windows-amd64 JRE (1.8.0_152-release-915-b01), built by "builder" with MS VC++ 10.0 (VS2010)

time: Thu Mar 22 23:10:08 2018
elapsed time: 4 seconds (0d 0h 0m 4s)

