#
# There is insufficient memory for the Java Runtime Environment to continue.
# Native memory allocation (malloc) failed to allocate 525632 bytes for Chunk::new
# Possible reasons:
#   The system is out of physical RAM or swap space
#   In 32 bit mode, the process size limit was hit
# Possible solutions:
#   Reduce memory load on the system
#   Increase physical memory or swap space
#   Check if swap backing store is full
#   Use 64 bit Java on a 64 bit OS
#   Decrease Java heap size (-Xmx/-Xms)
#   Decrease number of Java threads
#   Decrease Java thread stack sizes (-Xss)
#   Set larger code cache with -XX:ReservedCodeCacheSize=
# This output file may be truncated or incomplete.
#
#  Out of Memory Error (allocation.cpp:390), pid=540, tid=0x0000000000001864
#
# JRE version: OpenJDK Runtime Environment (8.0_152-b01) (build 1.8.0_152-release-915-b01)
# Java VM: OpenJDK 64-Bit Server VM (25.152-b01 mixed mode windows-amd64 compressed oops)
# Failed to write core dump. Minidumps are not enabled by default on client versions of Windows
#

---------------  T H R E A D  ---------------

Current thread (0x0000000015d8e800):  JavaThread "C2 CompilerThread0" daemon [_thread_in_native, id=6244, stack(0x00000000173e0000,0x00000000174e0000)]

Stack: [0x00000000173e0000,0x00000000174e0000]
[error occurred during error reporting (printing stack bounds), id 0xc0000005]

Native frames: (J=compiled Java code, j=interpreted, Vv=VM code, C=native code)


Current CompileTask:
C2:   3622 1318       4       java.net.URLClassLoader$1::run (5 bytes)


---------------  P R O C E S S  ---------------

Java Threads: ( => current thread )
  0x0000000018fd9000 JavaThread "Cache worker for file hash cache (M:\GameNumerical\.gradle\4.1\fileHashes)" [_thread_blocked, id=6388, stack(0x000000001b8a0000,0x000000001b9a0000)]
  0x0000000019343800 JavaThread "File lock request listener" [_thread_in_native, id=3196, stack(0x000000001b5a0000,0x000000001b6a0000)]
  0x0000000019226000 JavaThread "Cache worker for file hash cache (C:\Users\Gentong\.gradle\caches\4.1\fileHashes)" [_thread_blocked, id=4600, stack(0x000000001b4a0000,0x000000001b5a0000)]
  0x0000000019102000 JavaThread "Stdin handler" [_thread_blocked, id=9092, stack(0x000000001b3a0000,0x000000001b4a0000)]
  0x0000000018d56800 JavaThread "Asynchronous log dispatcher for DefaultDaemonConnection: socket connection from /127.0.0.1:56253 to /127.0.0.1:56254" [_thread_blocked, id=4088, stack(0x000000001b2a0000,0x000000001b3a0000)]
  0x0000000018d53800 JavaThread "Daemon worker" [_thread_in_Java, id=8648, stack(0x000000001b1a0000,0x000000001b2a0000)]
  0x0000000018e32800 JavaThread "Cancel handler" [_thread_blocked, id=8472, stack(0x000000001b0a0000,0x000000001b1a0000)]
  0x0000000018bb2000 JavaThread "Handler for socket connection from /127.0.0.1:56253 to /127.0.0.1:56254" [_thread_in_native, id=5124, stack(0x000000001ada0000,0x000000001aea0000)]
  0x0000000018bb1800 JavaThread "Daemon" [_thread_blocked, id=4028, stack(0x000000001aca0000,0x000000001ada0000)]
  0x0000000018dde000 JavaThread "Daemon periodic checks" [_thread_blocked, id=2920, stack(0x000000001aba0000,0x000000001aca0000)]
  0x0000000018e9a800 JavaThread "Incoming local TCP Connector on port 56253" [_thread_in_native, id=6648, stack(0x000000001a9c0000,0x000000001aac0000)]
  0x0000000017708800 JavaThread "Service Thread" daemon [_thread_blocked, id=7136, stack(0x0000000017ae0000,0x0000000017be0000)]
  0x0000000015d96000 JavaThread "C1 CompilerThread2" daemon [_thread_blocked, id=4320, stack(0x00000000175e0000,0x00000000176e0000)]
  0x0000000015d90800 JavaThread "C2 CompilerThread1" daemon [_thread_in_native, id=964, stack(0x00000000174e0000,0x00000000175e0000)]
=>0x0000000015d8e800 JavaThread "C2 CompilerThread0" daemon [_thread_in_native, id=6244, stack(0x00000000173e0000,0x00000000174e0000)]
  0x0000000015d8c800 JavaThread "Attach Listener" daemon [_thread_blocked, id=2424, stack(0x00000000172e0000,0x00000000173e0000)]
  0x0000000015d89800 JavaThread "Signal Dispatcher" daemon [_thread_blocked, id=8176, stack(0x00000000171e0000,0x00000000172e0000)]
  0x00000000023ad000 JavaThread "Finalizer" daemon [_thread_blocked, id=3376, stack(0x0000000017000000,0x0000000017100000)]
  0x00000000023a1800 JavaThread "Reference Handler" daemon [_thread_blocked, id=7348, stack(0x0000000016f00000,0x0000000017000000)]
  0x000000000241e000 JavaThread "main" [_thread_blocked, id=7036, stack(0x0000000002180000,0x0000000002280000)]

Other Threads:
  0x0000000015d55000 VMThread [stack: 0x0000000016e00000,0x0000000016f00000] [id=8660]
  0x0000000015ded800 WatcherThread [stack: 0x0000000017be0000,0x0000000017ce0000] [id=5468]

VM state:not at safepoint (normal execution)

VM Mutex/Monitor currently owned by a thread: None

Heap:
 PSYoungGen      total 38400K, used 6498K [0x00000000e0000000, 0x00000000e2d00000, 0x0000000100000000)
  eden space 32256K, 4% used [0x00000000e0000000,0x00000000e01666e0,0x00000000e1f80000)
  from space 6144K, 82% used [0x00000000e2600000,0x00000000e2af2430,0x00000000e2c00000)
  to   space 6656K, 0% used [0x00000000e1f80000,0x00000000e1f80000,0x00000000e2600000)
 ParOldGen       total 44032K, used 6047K [0x00000000a0000000, 0x00000000a2b00000, 0x00000000e0000000)
  object space 44032K, 13% used [0x00000000a0000000,0x00000000a05e7c18,0x00000000a2b00000)
 Metaspace       used 15907K, capacity 16260K, committed 16512K, reserved 1062912K
  class space    used 2242K, capacity 2344K, committed 2432K, reserved 1048576K

Card table byte_map: [0x00000000117e0000,0x0000000011af0000] byte_map_base: 0x00000000112e0000

Marking Bits: (ParMarkBitMap*) 0x0000000069b03950
 Begin Bits: [0x00000000120f0000, 0x00000000138f0000)
 End Bits:   [0x00000000138f0000, 0x00000000150f0000)

Polling page: 0x0000000002290000

CodeCache: size=245760Kb used=5103Kb max_used=5103Kb free=240656Kb
 bounds [0x0000000002420000, 0x0000000002920000, 0x0000000011420000]
 total_blobs=1840 nmethods=1470 adapters=284
 compilation: enabled

Compilation events (10 events):
Event: 3.608 Thread 0x0000000015d96000 nmethod 1471 0x0000000002918f50 code [0x0000000002919280, 0x000000000291aac8]
Event: 3.608 Thread 0x0000000015d96000 1472       3       java.net.URI::access$1300 (4 bytes)
Event: 3.608 Thread 0x0000000015d96000 nmethod 1472 0x000000000291b850 code [0x000000000291b9a0, 0x000000000291bad0]
Event: 3.608 Thread 0x0000000015d96000 1473       3       java.net.URI::access$1402 (7 bytes)
Event: 3.608 Thread 0x0000000015d96000 nmethod 1473 0x000000000291bb50 code [0x000000000291bca0, 0x000000000291bdf0]
Event: 3.609 Thread 0x0000000015d96000 1474       3       java.net.URI::access$1002 (7 bytes)
Event: 3.609 Thread 0x0000000015d96000 nmethod 1474 0x000000000291be90 code [0x000000000291bfe0, 0x000000000291c130]
Event: 3.609 Thread 0x0000000015d96000 1475       3       org.gradle.internal.service.DefaultServiceRegistry$DefaultLookupContext::getServiceProvider (45 bytes)
Event: 3.610 Thread 0x0000000015d96000 nmethod 1475 0x000000000291c1d0 code [0x000000000291c3a0, 0x000000000291ca78]
Event: 3.619 Thread 0x0000000015d96000 1476       3       sun.misc.ProxyGenerator$ConstantPool::getFieldRef (33 bytes)

GC Heap History (10 events):
Event: 0.999 GC heap before
{Heap before GC invocations=2 (full 0):
 PSYoungGen      total 18944K, used 18930K [0x00000000e0000000, 0x00000000e1500000, 0x0000000100000000)
  eden space 16384K, 100% used [0x00000000e0000000,0x00000000e1000000,0x00000000e1000000)
  from space 2560K, 99% used [0x00000000e1000000,0x00000000e127c808,0x00000000e1280000)
  to   space 2560K, 0% used [0x00000000e1280000,0x00000000e1280000,0x00000000e1500000)
 ParOldGen       total 44032K, used 484K [0x00000000a0000000, 0x00000000a2b00000, 0x00000000e0000000)
  object space 44032K, 1% used [0x00000000a0000000,0x00000000a0079080,0x00000000a2b00000)
 Metaspace       used 6572K, capacity 6766K, committed 7040K, reserved 1056768K
  class space    used 799K, capacity 875K, committed 896K, reserved 1048576K
Event: 1.003 GC heap after
Heap after GC invocations=2 (full 0):
 PSYoungGen      total 18944K, used 2280K [0x00000000e0000000, 0x00000000e1500000, 0x0000000100000000)
  eden space 16384K, 0% used [0x00000000e0000000,0x00000000e0000000,0x00000000e1000000)
  from space 2560K, 89% used [0x00000000e1280000,0x00000000e14ba3b0,0x00000000e1500000)
  to   space 2560K, 0% used [0x00000000e1000000,0x00000000e1000000,0x00000000e1280000)
 ParOldGen       total 44032K, used 492K [0x00000000a0000000, 0x00000000a2b00000, 0x00000000e0000000)
  object space 44032K, 1% used [0x00000000a0000000,0x00000000a007b080,0x00000000a2b00000)
 Metaspace       used 6572K, capacity 6766K, committed 7040K, reserved 1056768K
  class space    used 799K, capacity 875K, committed 896K, reserved 1048576K
}
Event: 1.546 GC heap before
{Heap before GC invocations=3 (full 0):
 PSYoungGen      total 18944K, used 18664K [0x00000000e0000000, 0x00000000e1500000, 0x0000000100000000)
  eden space 16384K, 100% used [0x00000000e0000000,0x00000000e1000000,0x00000000e1000000)
  from space 2560K, 89% used [0x00000000e1280000,0x00000000e14ba3b0,0x00000000e1500000)
  to   space 2560K, 0% used [0x00000000e1000000,0x00000000e1000000,0x00000000e1280000)
 ParOldGen       total 44032K, used 492K [0x00000000a0000000, 0x00000000a2b00000, 0x00000000e0000000)
  object space 44032K, 1% used [0x00000000a0000000,0x00000000a007b080,0x00000000a2b00000)
 Metaspace       used 8574K, capacity 8802K, committed 8960K, reserved 1056768K
  class space    used 1102K, capacity 1229K, committed 1280K, reserved 1048576K
Event: 1.551 GC heap after
Heap after GC invocations=3 (full 0):
 PSYoungGen      total 18944K, used 2544K [0x00000000e0000000, 0x00000000e1500000, 0x0000000100000000)
  eden space 16384K, 0% used [0x00000000e0000000,0x00000000e0000000,0x00000000e1000000)
  from space 2560K, 99% used [0x00000000e1000000,0x00000000e127c030,0x00000000e1280000)
  to   space 2560K, 0% used [0x00000000e1280000,0x00000000e1280000,0x00000000e1500000)
 ParOldGen       total 44032K, used 1464K [0x00000000a0000000, 0x00000000a2b00000, 0x00000000e0000000)
  object space 44032K, 3% used [0x00000000a0000000,0x00000000a016e2d8,0x00000000a2b00000)
 Metaspace       used 8574K, capacity 8802K, committed 8960K, reserved 1056768K
  class space    used 1102K, capacity 1229K, committed 1280K, reserved 1048576K
}
Event: 2.923 GC heap before
{Heap before GC invocations=4 (full 0):
 PSYoungGen      total 18944K, used 18928K [0x00000000e0000000, 0x00000000e1500000, 0x0000000100000000)
  eden space 16384K, 100% used [0x00000000e0000000,0x00000000e1000000,0x00000000e1000000)
  from space 2560K, 99% used [0x00000000e1000000,0x00000000e127c030,0x00000000e1280000)
  to   space 2560K, 0% used [0x00000000e1280000,0x00000000e1280000,0x00000000e1500000)
 ParOldGen       total 44032K, used 1464K [0x00000000a0000000, 0x00000000a2b00000, 0x00000000e0000000)
  object space 44032K, 3% used [0x00000000a0000000,0x00000000a016e2d8,0x00000000a2b00000)
 Metaspace       used 12368K, capacity 12704K, committed 12928K, reserved 1060864K
  class space    used 1666K, capacity 1798K, committed 1920K, reserved 1048576K
Event: 2.929 GC heap after
Heap after GC invocations=4 (full 0):
 PSYoungGen      total 18944K, used 2544K [0x00000000e0000000, 0x00000000e1500000, 0x0000000100000000)
  eden space 16384K, 0% used [0x00000000e0000000,0x00000000e0000000,0x00000000e1000000)
  from space 2560K, 99% used [0x00000000e1280000,0x00000000e14fc010,0x00000000e1500000)
  to   space 2560K, 0% used [0x00000000e1000000,0x00000000e1000000,0x00000000e1280000)
 ParOldGen       total 44032K, used 4116K [0x00000000a0000000, 0x00000000a2b00000, 0x00000000e0000000)
  object space 44032K, 9% used [0x00000000a0000000,0x00000000a0405078,0x00000000a2b00000)
 Metaspace       used 12368K, capacity 12704K, committed 12928K, reserved 1060864K
  class space    used 1666K, capacity 1798K, committed 1920K, reserved 1048576K
}
Event: 3.134 GC heap before
{Heap before GC invocations=5 (full 0):
 PSYoungGen      total 18944K, used 18928K [0x00000000e0000000, 0x00000000e1500000, 0x0000000100000000)
  eden space 16384K, 100% used [0x00000000e0000000,0x00000000e1000000,0x00000000e1000000)
  from space 2560K, 99% used [0x00000000e1280000,0x00000000e14fc010,0x00000000e1500000)
  to   space 2560K, 0% used [0x00000000e1000000,0x00000000e1000000,0x00000000e1280000)
 ParOldGen       total 44032K, used 4116K [0x00000000a0000000, 0x00000000a2b00000, 0x00000000e0000000)
  object space 44032K, 9% used [0x00000000a0000000,0x00000000a0405078,0x00000000a2b00000)
 Metaspace       used 13796K, capacity 14180K, committed 14464K, reserved 1060864K
  class space    used 1919K, capacity 2056K, committed 2176K, reserved 1048576K
Event: 3.140 GC heap after
Heap after GC invocations=5 (full 0):
 PSYoungGen      total 18944K, used 2544K [0x00000000e0000000, 0x00000000e2c00000, 0x0000000100000000)
  eden space 16384K, 0% used [0x00000000e0000000,0x00000000e0000000,0x00000000e1000000)
  from space 2560K, 99% used [0x00000000e1000000,0x00000000e127c030,0x00000000e1280000)
  to   space 6144K, 0% used [0x00000000e2600000,0x00000000e2600000,0x00000000e2c00000)
 ParOldGen       total 44032K, used 6039K [0x00000000a0000000, 0x00000000a2b00000, 0x00000000e0000000)
  object space 44032K, 13% used [0x00000000a0000000,0x00000000a05e5c18,0x00000000a2b00000)
 Metaspace       used 13796K, capacity 14180K, committed 14464K, reserved 1060864K
  class space    used 1919K, capacity 2056K, committed 2176K, reserved 1048576K
}
Event: 3.578 GC heap before
{Heap before GC invocations=6 (full 0):
 PSYoungGen      total 18944K, used 18928K [0x00000000e0000000, 0x00000000e2c00000, 0x0000000100000000)
  eden space 16384K, 100% used [0x00000000e0000000,0x00000000e1000000,0x00000000e1000000)
  from space 2560K, 99% used [0x00000000e1000000,0x00000000e127c030,0x00000000e1280000)
  to   space 6144K, 0% used [0x00000000e2600000,0x00000000e2600000,0x00000000e2c00000)
 ParOldGen       total 44032K, used 6039K [0x00000000a0000000, 0x00000000a2b00000, 0x00000000e0000000)
  object space 44032K, 13% used [0x00000000a0000000,0x00000000a05e5c18,0x00000000a2b00000)
 Metaspace       used 15814K, capacity 16196K, committed 16512K, reserved 1062912K
  class space    used 2226K, capacity 2344K, committed 2432K, reserved 1048576K
Event: 3.593 GC heap after
Heap after GC invocations=6 (full 0):
 PSYoungGen      total 38400K, used 5065K [0x00000000e0000000, 0x00000000e2d00000, 0x0000000100000000)
  eden space 32256K, 0% used [0x00000000e0000000,0x00000000e0000000,0x00000000e1f80000)
  from space 6144K, 82% used [0x00000000e2600000,0x00000000e2af2430,0x00000000e2c00000)
  to   space 6656K, 0% used [0x00000000e1f80000,0x00000000e1f80000,0x00000000e2600000)
 ParOldGen       total 44032K, used 6047K [0x00000000a0000000, 0x00000000a2b00000, 0x00000000e0000000)
  object space 44032K, 13% used [0x00000000a0000000,0x00000000a05e7c18,0x00000000a2b00000)
 Metaspace       used 15814K, capacity 16196K, committed 16512K, reserved 1062912K
  class space    used 2226K, capacity 2344K, committed 2432K, reserved 1048576K
}

Deoptimization events (10 events):
Event: 1.898 Thread 0x000000000241e000 Uncommon trap: reason=unstable_if action=reinterpret pc=0x000000000272e21c method=java.io.WinNTFileSystem.normalize(Ljava/lang/String;)Ljava/lang/String; @ 128
Event: 1.898 Thread 0x000000000241e000 Uncommon trap: reason=unstable_if action=reinterpret pc=0x00000000027104f4 method=java.io.WinNTFileSystem.normalize(Ljava/lang/String;II)Ljava/lang/String; @ 90
Event: 2.854 Thread 0x0000000018d53800 Uncommon trap: reason=bimorphic action=maybe_recompile pc=0x000000000271e4cc method=java.util.HashMap.putVal(ILjava/lang/Object;Ljava/lang/Object;ZZ)Ljava/lang/Object; @ 253
Event: 2.854 Thread 0x0000000018d53800 Uncommon trap: reason=bimorphic action=maybe_recompile pc=0x000000000271e4cc method=java.util.HashMap.putVal(ILjava/lang/Object;Ljava/lang/Object;ZZ)Ljava/lang/Object; @ 253
Event: 2.854 Thread 0x0000000018d53800 Uncommon trap: reason=bimorphic action=maybe_recompile pc=0x000000000271e4cc method=java.util.HashMap.putVal(ILjava/lang/Object;Ljava/lang/Object;ZZ)Ljava/lang/Object; @ 253
Event: 3.122 Thread 0x0000000018d53800 Uncommon trap: reason=class_check action=maybe_recompile pc=0x000000000267e6dc method=java.util.regex.Matcher.match(II)Z @ 86
Event: 3.122 Thread 0x0000000018d53800 Uncommon trap: reason=class_check action=maybe_recompile pc=0x000000000267e6dc method=java.util.regex.Matcher.match(II)Z @ 86
Event: 3.209 Thread 0x0000000018d53800 Uncommon trap: reason=unstable_if action=reinterpret pc=0x000000000288fcf4 method=java.lang.String.lastIndexOf([CII[CIII)I @ 66
Event: 3.601 Thread 0x0000000018d53800 Uncommon trap: reason=unstable_if action=reinterpret pc=0x000000000256c148 method=java.net.URI.match(CJJ)Z @ 19
Event: 3.601 Thread 0x0000000018d53800 Uncommon trap: reason=unstable_if action=reinterpret pc=0x0000000002696d80 method=java.net.URI.match(CJJ)Z @ 19

Classes redefined (0 events):
No events

Internal exceptions (10 events):
Event: 2.770 Thread 0x0000000018bb2000 Exception <a 'java/lang/NoSuchMethodError': <clinit>> (0x00000000e096cf70) thrown at [D:\src\AOSP-openjdk-cygwin\jdk8u\hotspot\src\share\vm\prims\jni.cpp, line 1613]
Event: 2.773 Thread 0x0000000018bb2000 Exception <a 'java/lang/NoSuchMethodError': <clinit>> (0x00000000e098ddf0) thrown at [D:\src\AOSP-openjdk-cygwin\jdk8u\hotspot\src\share\vm\prims\jni.cpp, line 1613]
Event: 2.775 Thread 0x0000000018bb2000 Exception <a 'java/lang/NoSuchMethodError': <clinit>> (0x00000000e09a58c0) thrown at [D:\src\AOSP-openjdk-cygwin\jdk8u\hotspot\src\share\vm\prims\jni.cpp, line 1613]
Event: 2.776 Thread 0x0000000018bb2000 Exception <a 'java/lang/NoSuchMethodError': <clinit>> (0x00000000e09ae3e0) thrown at [D:\src\AOSP-openjdk-cygwin\jdk8u\hotspot\src\share\vm\prims\jni.cpp, line 1613]
Event: 2.778 Thread 0x0000000018bb2000 Exception <a 'java/lang/NoSuchMethodError': <clinit>> (0x00000000e09bfa28) thrown at [D:\src\AOSP-openjdk-cygwin\jdk8u\hotspot\src\share\vm\prims\jni.cpp, line 1613]
Event: 2.798 Thread 0x0000000018bb2000 Exception <a 'java/lang/NoSuchMethodError': <clinit>> (0x00000000e0a3e6b0) thrown at [D:\src\AOSP-openjdk-cygwin\jdk8u\hotspot\src\share\vm\prims\jni.cpp, line 1613]
Event: 2.805 Thread 0x0000000018bb2000 Exception <a 'java/lang/NoSuchMethodError': <clinit>> (0x00000000e0a58ef0) thrown at [D:\src\AOSP-openjdk-cygwin\jdk8u\hotspot\src\share\vm\prims\jni.cpp, line 1613]
Event: 2.811 Thread 0x0000000018bb2000 Exception <a 'java/lang/NoSuchMethodError': <clinit>> (0x00000000e0a7da68) thrown at [D:\src\AOSP-openjdk-cygwin\jdk8u\hotspot\src\share\vm\prims\jni.cpp, line 1613]
Event: 2.839 Thread 0x0000000018d53800 Exception <a 'java/lang/NoSuchMethodError': <clinit>> (0x00000000e0b28a68) thrown at [D:\src\AOSP-openjdk-cygwin\jdk8u\hotspot\src\share\vm\prims\jni.cpp, line 1613]
Event: 2.841 Thread 0x0000000018d53800 Exception <a 'java/lang/NoSuchMethodError': <clinit>> (0x00000000e0b30cf0) thrown at [D:\src\AOSP-openjdk-cygwin\jdk8u\hotspot\src\share\vm\prims\jni.cpp, line 1613]

Events (10 events):
Event: 3.615 loading class org/gradle/internal/id/LongIdGenerator
Event: 3.615 loading class org/gradle/internal/id/LongIdGenerator done
Event: 3.616 loading class org/gradle/execution/TaskPathProjectEvaluator
Event: 3.616 loading class org/gradle/execution/TaskPathProjectEvaluator done
Event: 3.616 loading class org/gradle/configuration/DefaultBuildConfigurer
Event: 3.616 loading class org/gradle/configuration/DefaultBuildConfigurer done
Event: 3.617 loading class org/gradle/initialization/DefaultExceptionAnalyser
Event: 3.617 loading class org/gradle/initialization/DefaultExceptionAnalyser done
Event: 3.618 loading class org/gradle/BuildResult
Event: 3.618 loading class org/gradle/BuildResult done


Dynamic libraries:
0x00007ff653750000 - 0x00007ff653781000 	C:\Program Files\Android\Android Studio\jre\bin\java.exe
0x00007ffc435f0000 - 0x00007ffc437b2000 	C:\Windows\SYSTEM32\ntdll.dll
0x00007ffc41d60000 - 0x00007ffc41e0d000 	C:\Windows\system32\KERNEL32.DLL
0x00007ffc404a0000 - 0x00007ffc4067d000 	C:\Windows\system32\KERNELBASE.dll
0x00007ffc41cb0000 - 0x00007ffc41d56000 	C:\Windows\system32\ADVAPI32.dll
0x00007ffc43550000 - 0x00007ffc435ed000 	C:\Windows\system32\msvcrt.dll
0x00007ffc417b0000 - 0x00007ffc4180b000 	C:\Windows\system32\sechost.dll
0x00007ffc41680000 - 0x00007ffc417a6000 	C:\Windows\system32\RPCRT4.dll
0x00007ffc41b60000 - 0x00007ffc41cae000 	C:\Windows\system32\USER32.dll
0x00007ffc40d10000 - 0x00007ffc40e93000 	C:\Windows\system32\GDI32.dll
0x00007ffc3ad30000 - 0x00007ffc3afa4000 	C:\Windows\WinSxS\amd64_microsoft.windows.common-controls_6595b64144ccf1df_6.0.10240.17184_none_f41d7a705752bce6\COMCTL32.dll
0x00007ffc41320000 - 0x00007ffc41356000 	C:\Windows\system32\IMM32.DLL
0x00007ffc41360000 - 0x00007ffc414bc000 	C:\Windows\system32\MSCTF.dll
0x000000006a4d0000 - 0x000000006a5a2000 	C:\Program Files\Android\Android Studio\jre\jre\bin\msvcr100.dll
0x0000000069340000 - 0x0000000069b7e000 	C:\Program Files\Android\Android Studio\jre\jre\bin\server\jvm.dll
0x00007ffc41670000 - 0x00007ffc41678000 	C:\Windows\system32\PSAPI.DLL
0x00007ffc3e480000 - 0x00007ffc3e4a3000 	C:\Windows\SYSTEM32\WINMM.dll
0x00007ffc3b7d0000 - 0x00007ffc3b7da000 	C:\Windows\SYSTEM32\VERSION.dll
0x00007ffc35150000 - 0x00007ffc35159000 	C:\Windows\SYSTEM32\WSOCK32.dll
0x00007ffc41600000 - 0x00007ffc41669000 	C:\Windows\system32\WS2_32.dll
0x00007ffc40ea0000 - 0x00007ffc40ea8000 	C:\Windows\system32\NSI.dll
0x0000000002130000 - 0x000000000215c000 	C:\Windows\SYSTEM32\WINMMBASE.dll
0x00007ffc400b0000 - 0x00007ffc400f4000 	C:\Windows\system32\cfgmgr32.dll
0x00007ffc3e990000 - 0x00007ffc3e9b7000 	C:\Windows\SYSTEM32\DEVOBJ.dll
0x00007ffc36000000 - 0x00007ffc3600f000 	C:\Program Files\Android\Android Studio\jre\jre\bin\verify.dll
0x00007ffc33980000 - 0x00007ffc339a9000 	C:\Program Files\Android\Android Studio\jre\jre\bin\java.dll
0x00007ffc31930000 - 0x00007ffc31946000 	C:\Program Files\Android\Android Studio\jre\jre\bin\zip.dll
0x00007ffc41e70000 - 0x00007ffc43393000 	C:\Windows\system32\SHELL32.dll
0x00007ffc40680000 - 0x00007ffc40ca9000 	C:\Windows\system32\windows.storage.dll
0x00007ffc41810000 - 0x00007ffc41a8c000 	C:\Windows\system32\combase.dll
0x00007ffc40cb0000 - 0x00007ffc40d01000 	C:\Windows\system32\shlwapi.dll
0x00007ffc40030000 - 0x00007ffc4003f000 	C:\Windows\system32\kernel.appcore.dll
0x00007ffc403e0000 - 0x00007ffc40493000 	C:\Windows\system32\shcore.dll
0x00007ffc40060000 - 0x00007ffc400aa000 	C:\Windows\system32\powrprof.dll
0x00007ffc40040000 - 0x00007ffc40053000 	C:\Windows\system32\profapi.dll
0x00007ffc30380000 - 0x00007ffc3039a000 	C:\Program Files\Android\Android Studio\jre\jre\bin\net.dll
0x00007ffc3f880000 - 0x00007ffc3f8dd000 	C:\Windows\system32\mswsock.dll
0x00007ffc30360000 - 0x00007ffc30371000 	C:\Program Files\Android\Android Studio\jre\jre\bin\nio.dll
0x00007ffc2e6c0000 - 0x00007ffc2e6de000 	C:\Users\Gentong\.gradle\native\25\windows-amd64\native-platform.dll
0x00007ffc35fd0000 - 0x00007ffc35fdd000 	C:\Program Files\Android\Android Studio\jre\jre\bin\management.dll
0x00007ffc3f8e0000 - 0x00007ffc3f8f7000 	C:\Windows\SYSTEM32\CRYPTSP.dll
0x00007ffc3ff40000 - 0x00007ffc3ff68000 	C:\Windows\SYSTEM32\bcrypt.dll
0x00007ffc3f530000 - 0x00007ffc3f563000 	C:\Windows\system32\rsaenh.dll
0x00007ffc3f620000 - 0x00007ffc3f63f000 	C:\Windows\SYSTEM32\USERENV.dll
0x00007ffc3fe30000 - 0x00007ffc3fe9b000 	C:\Windows\system32\bcryptprimitives.dll
0x00007ffc3fa30000 - 0x00007ffc3fa3b000 	C:\Windows\SYSTEM32\CRYPTBASE.dll
0x00007ffc3c990000 - 0x00007ffc3c9c8000 	C:\Windows\SYSTEM32\IPHLPAPI.DLL
0x00007ffc3c980000 - 0x00007ffc3c98b000 	C:\Windows\SYSTEM32\WINNSI.DLL
0x00007ffc3a0c0000 - 0x00007ffc3a0d6000 	C:\Windows\SYSTEM32\dhcpcsvc6.DLL
0x00007ffc3a0a0000 - 0x00007ffc3a0ba000 	C:\Windows\SYSTEM32\dhcpcsvc.DLL

VM Arguments:
jvm_args: -Xmx1536m -Dfile.encoding=windows-1252 -Duser.country=US -Duser.language=en -Duser.variant 
java_command: org.gradle.launcher.daemon.bootstrap.GradleDaemon 4.1
java_class_path (initial): C:\Users\Gentong\.gradle\wrapper\dists\gradle-4.1-all\bzyivzo6n839fup2jbap0tjew\gradle-4.1\lib\gradle-launcher-4.1.jar
Launcher Type: SUN_STANDARD

Environment Variables:
PATH=C:\ProgramData\Oracle\Java\javapath;C:\Windows\system32;C:\Windows;C:\Windows\System32\Wbem;C:\Windows\System32\WindowsPowerShell\v1.0\;C:\Users\Gentong\.dnx\bin;C:\Program Files\Microsoft DNX\Dnvm\;C:\Program Files (x86)\Windows Kits\8.1\Windows Performance Toolkit\;C:\Program Files\Microsoft SQL Server\120\Tools\Binn\;C:\Program Files\Microsoft SQL Server\Client SDK\ODBC\130\Tools\Binn\;C:\Program Files (x86)\Microsoft SQL Server\130\Tools\Binn\;C:\Program Files\Microsoft SQL Server\130\Tools\Binn\;C:\Program Files\Microsoft SQL Server\130\DTS\Binn\;C:\xampp\php;C:\composer;C:\Users\Gentong\AppData\Roaming\Composer\vendor\bin;C:\adb;C:\Program Files (x86)\HP\IdrsOCR_15.2.10.1114\;C:\Program Files\Git\cmd;C:\ProgramData\Oracle\Java\javapath;C:\Windows\system32;C:\Windows;C:\Windows\System32\Wbem;C:\Windows\System32\WindowsPowerShell\v1.0\;C:\Users\Gentong\.dnx\bin;C:\Program Files\Microsoft DNX\Dnvm\;C:\Program Files (x86)\Windows Kits\8.1\Windows Performance Toolkit\;C:\Program Files\Microsoft SQL Server\120\Tools\Binn\;C:\Program Files\Microsoft SQL Server\Client SDK\ODBC\130\Tools\Binn\;C:\Program Files (x86)\Microsoft SQL Server\130\Tools\Binn\;C:\Program Files\Microsoft SQL Server\130\Tools\Binn\;C:\Program Files\Microsoft SQL Server\130\DTS\Binn\;C:\xampp\php;C:\composer;C:\Users\Gentong\AppData\Roaming\Composer\vendor\bin;C:\adb;C:\Program Files (x86)\HP\IdrsOCR_15.2.10.1114\;C:\Program Files\Git\cmd;C:\Program Files (x86)\Microsoft SQL Server\Client SDK\ODBC\130\Tools\Binn\;C:\Program Files (x86)\Microsoft SQL Server\140\Tools\Binn\;C:\Program Files (x86)\Microsoft SQL Server\140\DTS\Binn\;C:\Program Files (x86)\Microsoft SQL Server\140\Tools\Binn\ManagementStudio\;C:\Program Files\Microsoft VS Code\bi
USERNAME=Gentong
OS=Windows_NT
PROCESSOR_IDENTIFIER=Intel64 Family 6 Model 58 Stepping 9, GenuineIntel



---------------  S Y S T E M  ---------------

OS: Windows 10.0 , 64 bit Build 10240 (10.0.10240.17113)

CPU:total 4 (initial active 4) (2 cores per cpu, 2 threads per core) family 6 model 58 stepping 9, cmov, cx8, fxsr, mmx, sse, sse2, sse3, ssse3, sse4.1, sse4.2, popcnt, avx, aes, clmul, erms, ht, tsc, tscinvbit, tscinv

Memory: 4k page, physical 4077144k(211696k free), swap 5503576k(4676k free)

vm_info: OpenJDK 64-Bit Server VM (25.152-b01) for windows-amd64 JRE (1.8.0_152-release-915-b01), built by "builder" with MS VC++ 10.0 (VS2010)

time: Thu Mar 22 23:12:14 2018
elapsed time: 3 seconds (0d 0h 0m 3s)

